PyThon  version : 3.6.5 |Anaconda, Inc.| (default, Apr 29 2018, 16:14:56)  [GCC 7.2.0]
PyTorch version : 0.4.1.post2
cuDNN   version : 7102
Vision  version : 0.2.1
=> creating model 'resnet'
=> parameter : Namespace(arch='resnet', batch_size=128, data='./', epochs=160, evaluate=False, lr=0.1, momentum=0.9, n_gpus=[0, 1], prefix='2019-01-11-1130', print_freq=200, resume='', save_dir='./', start_epoch=0, use_cuda=True, weight_decay=0.0001, workers=4)
 [resnet] ::   0/160 ----- [[2019-01-11 14:59:16]] [Need: 00:00:00]
  Epoch: [000][000/391]   Time 0.769 (0.769)   Data 0.260 (0.260)   Loss 2.4673 (2.4673)   Prec@1 7.031 (7.031)   Prec@5 47.656 (47.656)   [2019-01-11 14:59:17]
  Epoch: [000][200/391]   Time 0.045 (0.055)   Data 0.000 (0.001)   Loss 1.5035 (1.9842)   Prec@1 47.656 (34.865)   Prec@5 90.625 (82.863)   [2019-01-11 14:59:27]
  **Train** Prec@1 45.574 Prec@5 88.742 Error@1 54.426
  **Test** Prec@1 52.130 Prec@5 92.750 Error@1 47.870
 [resnet] ::   1/160 ----- [[2019-01-11 14:59:38]] [Need: 00:59:49]
  Epoch: [001][000/391]   Time 0.281 (0.281)   Data 0.217 (0.217)   Loss 0.9217 (0.9217)   Prec@1 69.531 (69.531)   Prec@5 98.438 (98.438)   [2019-01-11 14:59:39]
  Epoch: [001][200/391]   Time 0.051 (0.053)   Data 0.000 (0.001)   Loss 0.8333 (0.9985)   Prec@1 71.094 (64.867)   Prec@5 98.438 (96.723)   [2019-01-11 14:59:49]
  **Train** Prec@1 66.430 Prec@5 96.994 Error@1 33.570
  **Test** Prec@1 63.510 Prec@5 97.160 Error@1 36.490
 [resnet] ::   2/160 ----- [[2019-01-11 15:00:01]] [Need: 00:58:35]
  Epoch: [002][000/391]   Time 0.267 (0.267)   Data 0.214 (0.214)   Loss 0.7647 (0.7647)   Prec@1 72.656 (72.656)   Prec@5 98.438 (98.438)   [2019-01-11 15:00:01]
  Epoch: [002][200/391]   Time 0.052 (0.053)   Data 0.000 (0.001)   Loss 0.7514 (0.8050)   Prec@1 73.438 (71.735)   Prec@5 98.438 (97.967)   [2019-01-11 15:00:11]
  **Train** Prec@1 72.484 Prec@5 98.120 Error@1 27.516
  **Test** Prec@1 68.290 Prec@5 97.500 Error@1 31.710
 [resnet] ::   3/160 ----- [[2019-01-11 15:00:23]] [Need: 00:58:14]
  Epoch: [003][000/391]   Time 0.301 (0.301)   Data 0.246 (0.246)   Loss 0.6346 (0.6346)   Prec@1 81.250 (81.250)   Prec@5 98.438 (98.438)   [2019-01-11 15:00:23]
  Epoch: [003][200/391]   Time 0.058 (0.053)   Data 0.000 (0.001)   Loss 0.6849 (0.6646)   Prec@1 75.000 (76.726)   Prec@5 97.656 (98.651)   [2019-01-11 15:00:34]
  **Train** Prec@1 77.222 Prec@5 98.722 Error@1 22.778
  **Test** Prec@1 74.430 Prec@5 98.500 Error@1 25.570
 [resnet] ::   4/160 ----- [[2019-01-11 15:00:45]] [Need: 00:57:47]
  Epoch: [004][000/391]   Time 0.316 (0.316)   Data 0.261 (0.261)   Loss 0.6269 (0.6269)   Prec@1 75.781 (75.781)   Prec@5 98.438 (98.438)   [2019-01-11 15:00:45]
  Epoch: [004][200/391]   Time 0.052 (0.054)   Data 0.000 (0.001)   Loss 0.5774 (0.5685)   Prec@1 80.469 (80.014)   Prec@5 99.219 (98.974)   [2019-01-11 15:00:56]
  **Train** Prec@1 80.460 Prec@5 99.056 Error@1 19.540
  **Test** Prec@1 76.100 Prec@5 98.600 Error@1 23.900
 [resnet] ::   5/160 ----- [[2019-01-11 15:01:07]] [Need: 00:57:43]
  Epoch: [005][000/391]   Time 0.279 (0.279)   Data 0.231 (0.231)   Loss 0.4848 (0.4848)   Prec@1 83.594 (83.594)   Prec@5 99.219 (99.219)   [2019-01-11 15:01:08]
  Epoch: [005][200/391]   Time 0.047 (0.053)   Data 0.000 (0.001)   Loss 0.5848 (0.4904)   Prec@1 81.250 (82.929)   Prec@5 97.656 (99.285)   [2019-01-11 15:01:18]
  **Train** Prec@1 82.910 Prec@5 99.280 Error@1 17.090
  **Test** Prec@1 76.310 Prec@5 98.570 Error@1 23.690
 [resnet] ::   6/160 ----- [[2019-01-11 15:01:30]] [Need: 00:56:50]
  Epoch: [006][000/391]   Time 0.282 (0.282)   Data 0.224 (0.224)   Loss 0.2806 (0.2806)   Prec@1 90.625 (90.625)   Prec@5 100.000 (100.000)   [2019-01-11 15:01:30]
  Epoch: [006][200/391]   Time 0.049 (0.054)   Data 0.000 (0.001)   Loss 0.5536 (0.4377)   Prec@1 79.688 (84.639)   Prec@5 99.219 (99.429)   [2019-01-11 15:01:40]
  **Train** Prec@1 84.454 Prec@5 99.386 Error@1 15.546
  **Test** Prec@1 77.080 Prec@5 98.450 Error@1 22.920
 [resnet] ::   7/160 ----- [[2019-01-11 15:01:52]] [Need: 00:57:11]
  Epoch: [007][000/391]   Time 0.271 (0.271)   Data 0.216 (0.216)   Loss 0.5020 (0.5020)   Prec@1 82.812 (82.812)   Prec@5 99.219 (99.219)   [2019-01-11 15:01:52]
  Epoch: [007][200/391]   Time 0.052 (0.053)   Data 0.000 (0.001)   Loss 0.3788 (0.3917)   Prec@1 82.812 (86.353)   Prec@5 100.000 (99.600)   [2019-01-11 15:02:03]
