PyThon  version : 3.6.5 |Anaconda, Inc.| (default, Apr 29 2018, 16:14:56)  [GCC 7.2.0]
PyTorch version : 1.0.0
cuDNN   version : 7401
Vision  version : 0.2.1
=> creating model 'vgg'
=> parameter : Namespace(arch='vgg', batch_size=128, data='./', epochs=100, evaluate=False, lr=0.1, momentum=0.9, n_gpus=1, prefix='2019-01-14 19:21:05-2756', print_freq=200, resume='', save_dir='./record/vgg', start_epoch=0, use_cuda=True, weight_decay=0.0001, workers=4)
 [vgg] ::   0/100 ----- [[2019-01-14 19:21:11]] [Need: 00:00:00]
  Epoch: [000][000/391]   Time 1.129 (1.129)   Data 0.253 (0.253)   Loss 2.2871 (2.2871)   Prec@1 6.250 (6.250)   Prec@5 62.500 (62.500)   [2019-01-14 19:21:12]
  Epoch: [000][200/391]   Time 0.042 (0.047)   Data 0.000 (0.001)   Loss 1.1846 (1.5494)   Prec@1 57.031 (43.097)   Prec@5 95.312 (89.642)   [2019-01-14 19:21:21]
  **Train** Prec@1 52.506 Prec@5 92.950 Error@1 47.494
  **Test** Prec@1 62.920 Prec@5 96.430 Error@1 37.080
~~~~~best accuracy: 62.9200
 [vgg] ::   1/100 ----- [[2019-01-14 19:21:31]] [Need: 00:32:54]
  Epoch: [001][000/391]   Time 0.291 (0.291)   Data 0.241 (0.241)   Loss 0.8527 (0.8527)   Prec@1 72.656 (72.656)   Prec@5 96.094 (96.094)   [2019-01-14 19:21:31]
  Epoch: [001][200/391]   Time 0.044 (0.045)   Data 0.000 (0.001)   Loss 0.9072 (0.8418)   Prec@1 67.969 (71.012)   Prec@5 98.438 (97.532)   [2019-01-14 19:21:40]
  **Train** Prec@1 72.552 Prec@5 97.706 Error@1 27.448
  **Test** Prec@1 74.530 Prec@5 97.970 Error@1 25.470
~~~~~best accuracy: 74.5300
 [vgg] ::   2/100 ----- [[2019-01-14 19:21:51]] [Need: 00:32:32]
  Epoch: [002][000/391]   Time 0.315 (0.315)   Data 0.259 (0.259)   Loss 0.4903 (0.4903)   Prec@1 84.375 (84.375)   Prec@5 99.219 (99.219)   [2019-01-14 19:21:51]
  Epoch: [002][200/391]   Time 0.049 (0.050)   Data 0.000 (0.001)   Loss 0.6790 (0.6513)   Prec@1 78.906 (78.086)   Prec@5 100.000 (98.375)   [2019-01-14 19:22:01]
  **Train** Prec@1 78.566 Prec@5 98.522 Error@1 21.434
  **Test** Prec@1 77.890 Prec@5 98.570 Error@1 22.110
~~~~~best accuracy: 77.8900
 [vgg] ::   3/100 ----- [[2019-01-14 19:22:13]] [Need: 00:35:22]
  Epoch: [003][000/391]   Time 0.315 (0.315)   Data 0.259 (0.259)   Loss 0.7175 (0.7175)   Prec@1 76.562 (76.562)   Prec@5 96.875 (96.875)   [2019-01-14 19:22:13]
  Epoch: [003][200/391]   Time 0.055 (0.056)   Data 0.000 (0.001)   Loss 0.5879 (0.5731)   Prec@1 81.250 (81.048)   Prec@5 97.656 (98.776)   [2019-01-14 19:22:24]
  **Train** Prec@1 81.392 Prec@5 98.740 Error@1 18.608
  **Test** Prec@1 80.120 Prec@5 98.960 Error@1 19.880
~~~~~best accuracy: 80.1200
 [vgg] ::   4/100 ----- [[2019-01-14 19:22:37]] [Need: 00:39:15]
  Epoch: [004][000/391]   Time 0.297 (0.297)   Data 0.251 (0.251)   Loss 0.3636 (0.3636)   Prec@1 88.281 (88.281)   Prec@5 100.000 (100.000)   [2019-01-14 19:22:38]
  Epoch: [004][200/391]   Time 0.042 (0.043)   Data 0.000 (0.001)   Loss 0.3066 (0.4210)   Prec@1 90.625 (85.685)   Prec@5 98.438 (99.363)   [2019-01-14 19:22:46]
  **Train** Prec@1 86.036 Prec@5 99.368 Error@1 13.964
  **Test** Prec@1 83.640 Prec@5 99.130 Error@1 16.360
~~~~~best accuracy: 83.6400
 [vgg] ::   5/100 ----- [[2019-01-14 19:22:57]] [Need: 00:30:51]
  Epoch: [005][000/391]   Time 0.318 (0.318)   Data 0.273 (0.273)   Loss 0.3492 (0.3492)   Prec@1 89.062 (89.062)   Prec@5 98.438 (98.438)   [2019-01-14 19:22:57]
  Epoch: [005][200/391]   Time 0.045 (0.046)   Data 0.000 (0.001)   Loss 0.3734 (0.3717)   Prec@1 89.844 (87.671)   Prec@5 96.875 (99.398)   [2019-01-14 19:23:06]
  **Train** Prec@1 87.440 Prec@5 99.456 Error@1 12.560
  **Test** Prec@1 84.360 Prec@5 99.310 Error@1 15.640
~~~~~best accuracy: 84.3600
 [vgg] ::   6/100 ----- [[2019-01-14 19:23:18]] [Need: 00:32:18]
  Epoch: [006][000/391]   Time 0.321 (0.321)   Data 0.269 (0.269)   Loss 0.3102 (0.3102)   Prec@1 89.062 (89.062)   Prec@5 100.000 (100.000)   [2019-01-14 19:23:18]
  Epoch: [006][200/391]   Time 0.049 (0.050)   Data 0.000 (0.001)   Loss 0.4568 (0.3787)   Prec@1 83.594 (87.135)   Prec@5 100.000 (99.429)   [2019-01-14 19:23:28]
  **Train** Prec@1 87.100 Prec@5 99.434 Error@1 12.900
  **Test** Prec@1 84.590 Prec@5 99.140 Error@1 15.410
~~~~~best accuracy: 84.5900
 [vgg] ::   7/100 ----- [[2019-01-14 19:23:40]] [Need: 00:34:24]
  Epoch: [007][000/391]   Time 0.317 (0.317)   Data 0.257 (0.257)   Loss 0.2894 (0.2894)   Prec@1 90.625 (90.625)   Prec@5 99.219 (99.219)   [2019-01-14 19:23:40]
  Epoch: [007][200/391]   Time 0.055 (0.056)   Data 0.000 (0.001)   Loss 0.3260 (0.3731)   Prec@1 88.281 (87.298)   Prec@5 99.219 (99.483)   [2019-01-14 19:23:51]
  **Train** Prec@1 87.108 Prec@5 99.460 Error@1 12.892
  **Test** Prec@1 79.130 Prec@5 98.990 Error@1 20.870
~~~~~best accuracy: 84.5900
 [vgg] ::   8/100 ----- [[2019-01-14 19:24:04]] [Need: 00:36:30]
  Epoch: [008][000/391]   Time 0.307 (0.307)   Data 0.261 (0.261)   Loss 0.3551 (0.3551)   Prec@1 88.281 (88.281)   Prec@5 100.000 (100.000)   [2019-01-14 19:24:04]
  Epoch: [008][200/391]   Time 0.042 (0.043)   Data 0.000 (0.001)   Loss 0.2634 (0.2770)   Prec@1 91.406 (90.878)   Prec@5 99.219 (99.670)   [2019-01-14 19:24:12]
  **Train** Prec@1 90.888 Prec@5 99.732 Error@1 9.112
  **Test** Prec@1 86.380 Prec@5 99.420 Error@1 13.620
~~~~~best accuracy: 86.3800
 [vgg] ::   9/100 ----- [[2019-01-14 19:24:23]] [Need: 00:29:22]
  Epoch: [009][000/391]   Time 0.329 (0.329)   Data 0.280 (0.280)   Loss 0.1452 (0.1452)   Prec@1 96.094 (96.094)   Prec@5 100.000 (100.000)   [2019-01-14 19:24:23]
  Epoch: [009][200/391]   Time 0.044 (0.046)   Data 0.000 (0.001)   Loss 0.1916 (0.2463)   Prec@1 92.969 (91.810)   Prec@5 100.000 (99.778)   [2019-01-14 19:24:32]
  **Train** Prec@1 91.582 Prec@5 99.732 Error@1 8.418
  **Test** Prec@1 86.140 Prec@5 99.330 Error@1 13.860
~~~~~best accuracy: 86.3800
 [vgg] ::  10/100 ----- [[2019-01-14 19:24:43]] [Need: 00:29:34]
  Epoch: [010][000/391]   Time 0.308 (0.308)   Data 0.257 (0.257)   Loss 0.2126 (0.2126)   Prec@1 92.188 (92.188)   Prec@5 100.000 (100.000)   [2019-01-14 19:24:43]
  Epoch: [010][200/391]   Time 0.049 (0.050)   Data 0.000 (0.001)   Loss 0.2246 (0.2609)   Prec@1 92.969 (90.986)   Prec@5 100.000 (99.720)   [2019-01-14 19:24:53]
  **Train** Prec@1 90.550 Prec@5 99.670 Error@1 9.450
  **Test** Prec@1 83.420 Prec@5 99.020 Error@1 16.580
~~~~~best accuracy: 86.3800
 [vgg] ::  11/100 ----- [[2019-01-14 19:25:04]] [Need: 00:31:44]
  Epoch: [011][000/391]   Time 0.316 (0.316)   Data 0.254 (0.254)   Loss 0.3717 (0.3717)   Prec@1 86.719 (86.719)   Prec@5 99.219 (99.219)   [2019-01-14 19:25:04]
  Epoch: [011][200/391]   Time 0.055 (0.056)   Data 0.000 (0.001)   Loss 0.2857 (0.2933)   Prec@1 90.625 (90.166)   Prec@5 99.219 (99.666)   [2019-01-14 19:25:15]
  **Train** Prec@1 89.850 Prec@5 99.624 Error@1 10.150
  **Test** Prec@1 82.000 Prec@5 99.070 Error@1 18.000
~~~~~best accuracy: 86.3800
 [vgg] ::  12/100 ----- [[2019-01-14 19:25:28]] [Need: 00:34:57]
  Epoch: [012][000/391]   Time 0.315 (0.315)   Data 0.270 (0.270)   Loss 0.3520 (0.3520)   Prec@1 85.938 (85.938)   Prec@5 100.000 (100.000)   [2019-01-14 19:25:28]
  Epoch: [012][200/391]   Time 0.042 (0.044)   Data 0.000 (0.001)   Loss 0.2484 (0.2038)   Prec@1 89.844 (93.039)   Prec@5 100.000 (99.833)   [2019-01-14 19:25:37]
  **Train** Prec@1 93.168 Prec@5 99.832 Error@1 6.832
  **Test** Prec@1 86.820 Prec@5 99.390 Error@1 13.180
~~~~~best accuracy: 86.8200
 [vgg] ::  13/100 ----- [[2019-01-14 19:25:47]] [Need: 00:28:18]
  Epoch: [013][000/391]   Time 0.320 (0.320)   Data 0.268 (0.268)   Loss 0.0845 (0.0845)   Prec@1 97.656 (97.656)   Prec@5 100.000 (100.000)   [2019-01-14 19:25:48]
  Epoch: [013][200/391]   Time 0.045 (0.046)   Data 0.000 (0.001)   Loss 0.2062 (0.1736)   Prec@1 92.188 (94.088)   Prec@5 100.000 (99.887)   [2019-01-14 19:25:57]
  **Train** Prec@1 93.662 Prec@5 99.856 Error@1 6.338
  **Test** Prec@1 87.770 Prec@5 99.420 Error@1 12.230
~~~~~best accuracy: 87.7700
 [vgg] ::  14/100 ----- [[2019-01-14 19:26:08]] [Need: 00:29:15]
  Epoch: [014][000/391]   Time 0.318 (0.318)   Data 0.267 (0.267)   Loss 0.2651 (0.2651)   Prec@1 94.531 (94.531)   Prec@5 98.438 (98.438)   [2019-01-14 19:26:08]
  Epoch: [014][200/391]   Time 0.049 (0.050)   Data 0.000 (0.001)   Loss 0.1795 (0.2079)   Prec@1 94.531 (92.965)   Prec@5 100.000 (99.872)   [2019-01-14 19:26:18]
  **Train** Prec@1 92.304 Prec@5 99.808 Error@1 7.696
  **Test** Prec@1 85.740 Prec@5 99.230 Error@1 14.260
~~~~~best accuracy: 87.7700
 [vgg] ::  15/100 ----- [[2019-01-14 19:26:29]] [Need: 00:30:20]
  Epoch: [015][000/391]   Time 0.327 (0.327)   Data 0.266 (0.266)   Loss 0.1692 (0.1692)   Prec@1 93.750 (93.750)   Prec@5 100.000 (100.000)   [2019-01-14 19:26:30]
  Epoch: [015][200/391]   Time 0.055 (0.056)   Data 0.000 (0.001)   Loss 0.2460 (0.2447)   Prec@1 91.406 (91.744)   Prec@5 100.000 (99.763)   [2019-01-14 19:26:41]
  **Train** Prec@1 91.312 Prec@5 99.756 Error@1 8.688
  **Test** Prec@1 84.620 Prec@5 99.200 Error@1 15.380
~~~~~best accuracy: 87.7700
 [vgg] ::  16/100 ----- [[2019-01-14 19:26:53]] [Need: 00:33:24]
  Epoch: [016][000/391]   Time 0.323 (0.323)   Data 0.277 (0.277)   Loss 0.2857 (0.2857)   Prec@1 91.406 (91.406)   Prec@5 99.219 (99.219)   [2019-01-14 19:26:53]
  Epoch: [016][200/391]   Time 0.042 (0.044)   Data 0.000 (0.001)   Loss 0.1517 (0.1607)   Prec@1 92.188 (94.625)   Prec@5 100.000 (99.883)   [2019-01-14 19:27:02]
  **Train** Prec@1 94.552 Prec@5 99.870 Error@1 5.448
  **Test** Prec@1 88.180 Prec@5 99.530 Error@1 11.820
~~~~~best accuracy: 88.1800
 [vgg] ::  17/100 ----- [[2019-01-14 19:27:13]] [Need: 00:27:03]
  Epoch: [017][000/391]   Time 0.307 (0.307)   Data 0.257 (0.257)   Loss 0.1166 (0.1166)   Prec@1 97.656 (97.656)   Prec@5 99.219 (99.219)   [2019-01-14 19:27:13]
  Epoch: [017][200/391]   Time 0.044 (0.046)   Data 0.000 (0.001)   Loss 0.1017 (0.1402)   Prec@1 95.312 (95.239)   Prec@5 100.000 (99.907)   [2019-01-14 19:27:22]
  **Train** Prec@1 94.976 Prec@5 99.912 Error@1 5.024
  **Test** Prec@1 86.680 Prec@5 99.430 Error@1 13.320
~~~~~best accuracy: 88.1800
 [vgg] ::  18/100 ----- [[2019-01-14 19:27:32]] [Need: 00:26:57]
  Epoch: [018][000/391]   Time 0.318 (0.318)   Data 0.265 (0.265)   Loss 0.0807 (0.0807)   Prec@1 97.656 (97.656)   Prec@5 100.000 (100.000)   [2019-01-14 19:27:33]
  Epoch: [018][200/391]   Time 0.051 (0.050)   Data 0.000 (0.001)   Loss 0.2485 (0.1683)   Prec@1 92.188 (94.131)   Prec@5 100.000 (99.914)   [2019-01-14 19:27:42]
  **Train** Prec@1 93.396 Prec@5 99.886 Error@1 6.604
  **Test** Prec@1 85.370 Prec@5 99.230 Error@1 14.630
~~~~~best accuracy: 88.1800
 [vgg] ::  19/100 ----- [[2019-01-14 19:27:54]] [Need: 00:28:57]
  Epoch: [019][000/391]   Time 0.322 (0.322)   Data 0.260 (0.260)   Loss 0.1596 (0.1596)   Prec@1 96.094 (96.094)   Prec@5 100.000 (100.000)   [2019-01-14 19:27:54]
  Epoch: [019][200/391]   Time 0.055 (0.056)   Data 0.000 (0.001)   Loss 0.2650 (0.2111)   Prec@1 89.062 (92.860)   Prec@5 100.000 (99.883)   [2019-01-14 19:28:05]
  **Train** Prec@1 92.304 Prec@5 99.824 Error@1 7.696
  **Test** Prec@1 82.940 Prec@5 99.190 Error@1 17.060
~~~~~best accuracy: 88.1800
 [vgg] ::  20/100 ----- [[2019-01-14 19:28:18]] [Need: 00:31:49]
  Epoch: [020][000/391]   Time 0.318 (0.318)   Data 0.274 (0.274)   Loss 0.1153 (0.1153)   Prec@1 97.656 (97.656)   Prec@5 100.000 (100.000)   [2019-01-14 19:28:18]
  Epoch: [020][200/391]   Time 0.042 (0.043)   Data 0.000 (0.001)   Loss 0.1702 (0.1392)   Prec@1 92.969 (95.293)   Prec@5 100.000 (99.922)   [2019-01-14 19:28:26]
  **Train** Prec@1 95.408 Prec@5 99.922 Error@1 4.592
  **Test** Prec@1 87.820 Prec@5 99.460 Error@1 12.180
~~~~~best accuracy: 88.1800
 [vgg] ::  21/100 ----- [[2019-01-14 19:28:36]] [Need: 00:24:42]
  Epoch: [021][000/391]   Time 0.303 (0.303)   Data 0.257 (0.257)   Loss 0.1586 (0.1586)   Prec@1 94.531 (94.531)   Prec@5 100.000 (100.000)   [2019-01-14 19:28:37]
  Epoch: [021][200/391]   Time 0.045 (0.046)   Data 0.000 (0.001)   Loss 0.1923 (0.1136)   Prec@1 92.188 (96.024)   Prec@5 100.000 (99.957)   [2019-01-14 19:28:46]
  **Train** Prec@1 95.790 Prec@5 99.932 Error@1 4.210
  **Test** Prec@1 87.740 Prec@5 99.430 Error@1 12.260
~~~~~best accuracy: 88.1800
 [vgg] ::  22/100 ----- [[2019-01-14 19:28:56]] [Need: 00:25:36]
  Epoch: [022][000/391]   Time 0.321 (0.321)   Data 0.267 (0.267)   Loss 0.1799 (0.1799)   Prec@1 95.312 (95.312)   Prec@5 99.219 (99.219)   [2019-01-14 19:28:56]
  Epoch: [022][200/391]   Time 0.049 (0.050)   Data 0.000 (0.001)   Loss 0.4347 (0.1586)   Prec@1 86.719 (94.660)   Prec@5 100.000 (99.922)   [2019-01-14 19:29:06]
  **Train** Prec@1 94.264 Prec@5 99.920 Error@1 5.736
  **Test** Prec@1 82.840 Prec@5 98.610 Error@1 17.160
~~~~~best accuracy: 88.1800
 [vgg] ::  23/100 ----- [[2019-01-14 19:29:18]] [Need: 00:27:26]
  Epoch: [023][000/391]   Time 0.338 (0.338)   Data 0.280 (0.280)   Loss 0.1923 (0.1923)   Prec@1 94.531 (94.531)   Prec@5 100.000 (100.000)   [2019-01-14 19:29:18]
  Epoch: [023][200/391]   Time 0.055 (0.056)   Data 0.000 (0.002)   Loss 0.3084 (0.1989)   Prec@1 89.062 (93.155)   Prec@5 100.000 (99.876)   [2019-01-14 19:29:29]
  **Train** Prec@1 92.816 Prec@5 99.838 Error@1 7.184
  **Test** Prec@1 85.860 Prec@5 99.150 Error@1 14.140
~~~~~best accuracy: 88.1800
 [vgg] ::  24/100 ----- [[2019-01-14 19:29:41]] [Need: 00:30:09]
  Epoch: [024][000/391]   Time 0.302 (0.302)   Data 0.258 (0.258)   Loss 0.2421 (0.2421)   Prec@1 90.625 (90.625)   Prec@5 100.000 (100.000)   [2019-01-14 19:29:42]
  Epoch: [024][200/391]   Time 0.042 (0.043)   Data 0.000 (0.001)   Loss 0.1224 (0.1192)   Prec@1 96.094 (95.962)   Prec@5 100.000 (99.969)   [2019-01-14 19:29:50]
  **Train** Prec@1 95.996 Prec@5 99.948 Error@1 4.004
  **Test** Prec@1 88.560 Prec@5 99.540 Error@1 11.440
~~~~~best accuracy: 88.5600
 [vgg] ::  25/100 ----- [[2019-01-14 19:30:01]] [Need: 00:24:20]
  Epoch: [025][000/391]   Time 0.311 (0.311)   Data 0.263 (0.263)   Loss 0.1747 (0.1747)   Prec@1 92.969 (92.969)   Prec@5 100.000 (100.000)   [2019-01-14 19:30:01]
  Epoch: [025][200/391]   Time 0.045 (0.046)   Data 0.000 (0.001)   Loss 0.2107 (0.1010)   Prec@1 94.531 (96.494)   Prec@5 100.000 (99.961)   [2019-01-14 19:30:10]
  **Train** Prec@1 96.364 Prec@5 99.958 Error@1 3.636
  **Test** Prec@1 87.500 Prec@5 99.590 Error@1 12.500
~~~~~best accuracy: 88.5600
 [vgg] ::  26/100 ----- [[2019-01-14 19:30:21]] [Need: 00:24:22]
  Epoch: [026][000/391]   Time 0.314 (0.314)   Data 0.260 (0.260)   Loss 0.1282 (0.1282)   Prec@1 96.875 (96.875)   Prec@5 100.000 (100.000)   [2019-01-14 19:30:21]
  Epoch: [026][200/391]   Time 0.049 (0.050)   Data 0.000 (0.001)   Loss 0.1595 (0.1416)   Prec@1 94.531 (95.336)   Prec@5 100.000 (99.965)   [2019-01-14 19:30:31]
  **Train** Prec@1 94.926 Prec@5 99.940 Error@1 5.074
  **Test** Prec@1 86.540 Prec@5 99.400 Error@1 13.460
~~~~~best accuracy: 88.5600
 [vgg] ::  27/100 ----- [[2019-01-14 19:30:42]] [Need: 00:25:59]
  Epoch: [027][000/391]   Time 0.335 (0.335)   Data 0.277 (0.277)   Loss 0.1160 (0.1160)   Prec@1 96.094 (96.094)   Prec@5 100.000 (100.000)   [2019-01-14 19:30:42]
  Epoch: [027][200/391]   Time 0.055 (0.056)   Data 0.000 (0.001)   Loss 0.1220 (0.1846)   Prec@1 94.531 (93.820)   Prec@5 100.000 (99.856)   [2019-01-14 19:30:53]
  **Train** Prec@1 93.236 Prec@5 99.850 Error@1 6.764
  **Test** Prec@1 84.370 Prec@5 99.110 Error@1 15.630
~~~~~best accuracy: 88.5600
 [vgg] ::  28/100 ----- [[2019-01-14 19:31:06]] [Need: 00:28:35]
  Epoch: [028][000/391]   Time 0.309 (0.309)   Data 0.264 (0.264)   Loss 0.1890 (0.1890)   Prec@1 93.750 (93.750)   Prec@5 100.000 (100.000)   [2019-01-14 19:31:06]
  Epoch: [028][200/391]   Time 0.042 (0.043)   Data 0.000 (0.001)   Loss 0.1896 (0.1094)   Prec@1 93.750 (96.269)   Prec@5 99.219 (99.969)   [2019-01-14 19:31:14]
  **Train** Prec@1 96.386 Prec@5 99.970 Error@1 3.614
  **Test** Prec@1 88.970 Prec@5 99.440 Error@1 11.030
~~~~~best accuracy: 88.9700
 [vgg] ::  29/100 ----- [[2019-01-14 19:31:25]] [Need: 00:23:02]
  Epoch: [029][000/391]   Time 0.311 (0.311)   Data 0.259 (0.259)   Loss 0.0299 (0.0299)   Prec@1 100.000 (100.000)   Prec@5 100.000 (100.000)   [2019-01-14 19:31:26]
  Epoch: [029][200/391]   Time 0.044 (0.046)   Data 0.000 (0.001)   Loss 0.0353 (0.0883)   Prec@1 100.000 (96.995)   Prec@5 100.000 (99.981)   [2019-01-14 19:31:34]
  **Train** Prec@1 96.792 Prec@5 99.972 Error@1 3.208
  **Test** Prec@1 88.440 Prec@5 99.400 Error@1 11.560
~~~~~best accuracy: 88.9700
 [vgg] ::  30/100 ----- [[2019-01-14 19:31:45]] [Need: 00:23:00]
  Epoch: [030][000/391]   Time 0.315 (0.315)   Data 0.260 (0.260)   Loss 0.0577 (0.0577)   Prec@1 97.656 (97.656)   Prec@5 100.000 (100.000)   [2019-01-14 19:31:45]
  Epoch: [030][200/391]   Time 0.049 (0.050)   Data 0.000 (0.001)   Loss 0.1941 (0.1293)   Prec@1 92.188 (95.612)   Prec@5 100.000 (99.957)   [2019-01-14 19:31:55]
  **Train** Prec@1 95.210 Prec@5 99.938 Error@1 4.790
  **Test** Prec@1 84.830 Prec@5 99.010 Error@1 15.170
~~~~~best accuracy: 88.9700
 [vgg] ::  31/100 ----- [[2019-01-14 19:32:06]] [Need: 00:24:38]
  Epoch: [031][000/391]   Time 0.328 (0.328)   Data 0.266 (0.266)   Loss 0.1624 (0.1624)   Prec@1 93.750 (93.750)   Prec@5 100.000 (100.000)   [2019-01-14 19:32:07]
  Epoch: [031][200/391]   Time 0.055 (0.056)   Data 0.000 (0.001)   Loss 0.1876 (0.1718)   Prec@1 92.969 (94.329)   Prec@5 100.000 (99.922)   [2019-01-14 19:32:18]
  **Train** Prec@1 93.850 Prec@5 99.898 Error@1 6.150
  **Test** Prec@1 85.160 Prec@5 99.320 Error@1 14.840
~~~~~best accuracy: 88.9700
 [vgg] ::  32/100 ----- [[2019-01-14 19:32:30]] [Need: 00:27:02]
  Epoch: [032][000/391]   Time 0.310 (0.310)   Data 0.264 (0.264)   Loss 0.1765 (0.1765)   Prec@1 94.531 (94.531)   Prec@5 100.000 (100.000)   [2019-01-14 19:32:31]
  Epoch: [032][200/391]   Time 0.042 (0.044)   Data 0.000 (0.001)   Loss 0.0662 (0.0989)   Prec@1 98.438 (96.712)   Prec@5 100.000 (99.981)   [2019-01-14 19:32:39]
  **Train** Prec@1 96.790 Prec@5 99.974 Error@1 3.210
  **Test** Prec@1 89.170 Prec@5 99.470 Error@1 10.830
~~~~~best accuracy: 89.1700
 [vgg] ::  33/100 ----- [[2019-01-14 19:32:50]] [Need: 00:21:46]
  Epoch: [033][000/391]   Time 0.326 (0.326)   Data 0.276 (0.276)   Loss 0.1195 (0.1195)   Prec@1 94.531 (94.531)   Prec@5 100.000 (100.000)   [2019-01-14 19:32:50]
  Epoch: [033][200/391]   Time 0.044 (0.046)   Data 0.000 (0.001)   Loss 0.1335 (0.0837)   Prec@1 96.094 (97.100)   Prec@5 100.000 (99.984)   [2019-01-14 19:32:59]
  **Train** Prec@1 96.970 Prec@5 99.974 Error@1 3.030
  **Test** Prec@1 87.310 Prec@5 99.530 Error@1 12.690
~~~~~best accuracy: 89.1700
 [vgg] ::  34/100 ----- [[2019-01-14 19:33:09]] [Need: 00:21:39]
  Epoch: [034][000/391]   Time 0.308 (0.308)   Data 0.253 (0.253)   Loss 0.1112 (0.1112)   Prec@1 97.656 (97.656)   Prec@5 100.000 (100.000)   [2019-01-14 19:33:10]
  Epoch: [034][200/391]   Time 0.049 (0.050)   Data 0.000 (0.001)   Loss 0.1715 (0.1217)   Prec@1 93.750 (95.845)   Prec@5 100.000 (99.946)   [2019-01-14 19:33:20]
  **Train** Prec@1 95.396 Prec@5 99.922 Error@1 4.604
  **Test** Prec@1 84.140 Prec@5 99.110 Error@1 15.860
~~~~~best accuracy: 89.1700
 [vgg] ::  35/100 ----- [[2019-01-14 19:33:31]] [Need: 00:23:09]
  Epoch: [035][000/391]   Time 0.316 (0.316)   Data 0.254 (0.254)   Loss 0.1554 (0.1554)   Prec@1 93.750 (93.750)   Prec@5 100.000 (100.000)   [2019-01-14 19:33:31]
  Epoch: [035][200/391]   Time 0.055 (0.056)   Data 0.000 (0.001)   Loss 0.1115 (0.1675)   Prec@1 96.875 (94.333)   Prec@5 100.000 (99.914)   [2019-01-14 19:33:42]
  **Train** Prec@1 93.962 Prec@5 99.910 Error@1 6.038
  **Test** Prec@1 87.460 Prec@5 99.470 Error@1 12.540
~~~~~best accuracy: 89.1700
 [vgg] ::  36/100 ----- [[2019-01-14 19:33:55]] [Need: 00:25:23]
  Epoch: [036][000/391]   Time 0.319 (0.319)   Data 0.274 (0.274)   Loss 0.1642 (0.1642)   Prec@1 94.531 (94.531)   Prec@5 100.000 (100.000)   [2019-01-14 19:33:55]
  Epoch: [036][200/391]   Time 0.043 (0.044)   Data 0.000 (0.001)   Loss 0.1188 (0.0897)   Prec@1 95.312 (97.003)   Prec@5 100.000 (99.961)   [2019-01-14 19:34:03]
  **Train** Prec@1 96.928 Prec@5 99.972 Error@1 3.072
  **Test** Prec@1 89.230 Prec@5 99.700 Error@1 10.770
~~~~~best accuracy: 89.2300
 [vgg] ::  37/100 ----- [[2019-01-14 19:34:14]] [Need: 00:20:27]
  Epoch: [037][000/391]   Time 0.306 (0.306)   Data 0.257 (0.257)   Loss 0.0493 (0.0493)   Prec@1 96.875 (96.875)   Prec@5 100.000 (100.000)   [2019-01-14 19:34:14]
  Epoch: [037][200/391]   Time 0.045 (0.046)   Data 0.000 (0.001)   Loss 0.1040 (0.0749)   Prec@1 97.656 (97.477)   Prec@5 100.000 (99.984)   [2019-01-14 19:34:23]
  **Train** Prec@1 97.190 Prec@5 99.984 Error@1 2.810
  **Test** Prec@1 87.190 Prec@5 99.200 Error@1 12.810
~~~~~best accuracy: 89.2300
 [vgg] ::  38/100 ----- [[2019-01-14 19:34:34]] [Need: 00:20:22]
  Epoch: [038][000/391]   Time 0.322 (0.322)   Data 0.273 (0.273)   Loss 0.0456 (0.0456)   Prec@1 99.219 (99.219)   Prec@5 100.000 (100.000)   [2019-01-14 19:34:34]
  Epoch: [038][200/391]   Time 0.049 (0.050)   Data 0.000 (0.001)   Loss 0.2153 (0.1128)   Prec@1 91.406 (96.269)   Prec@5 100.000 (99.953)   [2019-01-14 19:34:44]
  **Train** Prec@1 95.858 Prec@5 99.954 Error@1 4.142
  **Test** Prec@1 85.510 Prec@5 99.260 Error@1 14.490
~~~~~best accuracy: 89.2300
 [vgg] ::  39/100 ----- [[2019-01-14 19:34:55]] [Need: 00:21:46]
  Epoch: [039][000/391]   Time 0.315 (0.315)   Data 0.256 (0.256)   Loss 0.2662 (0.2662)   Prec@1 92.188 (92.188)   Prec@5 100.000 (100.000)   [2019-01-14 19:34:56]
  Epoch: [039][200/391]   Time 0.055 (0.056)   Data 0.000 (0.001)   Loss 0.1711 (0.1659)   Prec@1 92.969 (94.457)   Prec@5 99.219 (99.914)   [2019-01-14 19:35:07]
  **Train** Prec@1 94.264 Prec@5 99.904 Error@1 5.736
  **Test** Prec@1 86.510 Prec@5 99.040 Error@1 13.490
~~~~~best accuracy: 89.2300
 [vgg] ::  40/100 ----- [[2019-01-14 19:35:19]] [Need: 00:23:47]
  Epoch: [040][000/391]   Time 0.307 (0.307)   Data 0.255 (0.255)   Loss 0.1439 (0.1439)   Prec@1 95.312 (95.312)   Prec@5 100.000 (100.000)   [2019-01-14 19:35:19]
  Epoch: [040][200/391]   Time 0.042 (0.044)   Data 0.000 (0.001)   Loss 0.0278 (0.0857)   Prec@1 98.438 (97.194)   Prec@5 100.000 (99.988)   [2019-01-14 19:35:28]
  **Train** Prec@1 97.764 Prec@5 99.992 Error@1 2.236
  **Test** Prec@1 91.010 Prec@5 99.700 Error@1 8.990
~~~~~best accuracy: 91.0100
 [vgg] ::  41/100 ----- [[2019-01-14 19:35:39]] [Need: 00:19:12]
  Epoch: [041][000/391]   Time 0.325 (0.325)   Data 0.275 (0.275)   Loss 0.0606 (0.0606)   Prec@1 98.438 (98.438)   Prec@5 100.000 (100.000)   [2019-01-14 19:35:39]
  Epoch: [041][200/391]   Time 0.045 (0.046)   Data 0.000 (0.002)   Loss 0.0367 (0.0376)   Prec@1 98.438 (98.780)   Prec@5 100.000 (99.981)   [2019-01-14 19:35:48]
  **Train** Prec@1 98.882 Prec@5 99.990 Error@1 1.118
  **Test** Prec@1 91.680 Prec@5 99.770 Error@1 8.320
~~~~~best accuracy: 91.6800
 [vgg] ::  42/100 ----- [[2019-01-14 19:35:59]] [Need: 00:19:50]
  Epoch: [042][000/391]   Time 0.317 (0.317)   Data 0.266 (0.266)   Loss 0.0263 (0.0263)   Prec@1 98.438 (98.438)   Prec@5 100.000 (100.000)   [2019-01-14 19:35:59]
  Epoch: [042][200/391]   Time 0.049 (0.050)   Data 0.000 (0.001)   Loss 0.0102 (0.0255)   Prec@1 100.000 (99.172)   Prec@5 100.000 (99.992)   [2019-01-14 19:36:09]
  **Train** Prec@1 99.248 Prec@5 99.990 Error@1 0.752
  **Test** Prec@1 92.050 Prec@5 99.790 Error@1 7.950
~~~~~best accuracy: 92.0500
 [vgg] ::  43/100 ----- [[2019-01-14 19:36:21]] [Need: 00:20:59]
  Epoch: [043][000/391]   Time 0.326 (0.326)   Data 0.268 (0.268)   Loss 0.0126 (0.0126)   Prec@1 99.219 (99.219)   Prec@5 100.000 (100.000)   [2019-01-14 19:36:21]
  Epoch: [043][200/391]   Time 0.055 (0.056)   Data 0.000 (0.001)   Loss 0.0017 (0.0147)   Prec@1 100.000 (99.584)   Prec@5 100.000 (99.996)   [2019-01-14 19:36:32]
  **Train** Prec@1 99.610 Prec@5 99.998 Error@1 0.390
  **Test** Prec@1 92.070 Prec@5 99.780 Error@1 7.930
~~~~~best accuracy: 92.0700
 [vgg] ::  44/100 ----- [[2019-01-14 19:36:46]] [Need: 00:22:52]
  Epoch: [044][000/391]   Time 0.313 (0.313)   Data 0.269 (0.269)   Loss 0.0069 (0.0069)   Prec@1 100.000 (100.000)   Prec@5 100.000 (100.000)   [2019-01-14 19:36:46]
  Epoch: [044][200/391]   Time 0.043 (0.044)   Data 0.000 (0.001)   Loss 0.0049 (0.0099)   Prec@1 100.000 (99.755)   Prec@5 100.000 (100.000)   [2019-01-14 19:36:54]
  **Train** Prec@1 99.750 Prec@5 100.000 Error@1 0.250
  **Test** Prec@1 92.170 Prec@5 99.790 Error@1 7.830
~~~~~best accuracy: 92.1700
 [vgg] ::  45/100 ----- [[2019-01-14 19:37:05]] [Need: 00:17:58]
  Epoch: [045][000/391]   Time 0.305 (0.305)   Data 0.255 (0.255)   Loss 0.0066 (0.0066)   Prec@1 100.000 (100.000)   Prec@5 100.000 (100.000)   [2019-01-14 19:37:06]
  Epoch: [045][200/391]   Time 0.044 (0.046)   Data 0.000 (0.001)   Loss 0.0023 (0.0084)   Prec@1 100.000 (99.806)   Prec@5 100.000 (99.996)   [2019-01-14 19:37:15]
  **Train** Prec@1 99.800 Prec@5 99.998 Error@1 0.200
  **Test** Prec@1 92.360 Prec@5 99.710 Error@1 7.640
~~~~~best accuracy: 92.3600
 [vgg] ::  46/100 ----- [[2019-01-14 19:37:26]] [Need: 00:18:28]
  Epoch: [046][000/391]   Time 0.313 (0.313)   Data 0.263 (0.263)   Loss 0.0027 (0.0027)   Prec@1 100.000 (100.000)   Prec@5 100.000 (100.000)   [2019-01-14 19:37:26]
  Epoch: [046][200/391]   Time 0.049 (0.050)   Data 0.000 (0.001)   Loss 0.0201 (0.0080)   Prec@1 99.219 (99.782)   Prec@5 100.000 (100.000)   [2019-01-14 19:37:36]
  **Train** Prec@1 99.804 Prec@5 100.000 Error@1 0.196
  **Test** Prec@1 92.450 Prec@5 99.740 Error@1 7.550
~~~~~best accuracy: 92.4500
 [vgg] ::  47/100 ----- [[2019-01-14 19:37:48]] [Need: 00:19:27]
  Epoch: [047][000/391]   Time 0.312 (0.312)   Data 0.253 (0.253)   Loss 0.0547 (0.0547)   Prec@1 99.219 (99.219)   Prec@5 100.000 (100.000)   [2019-01-14 19:37:48]
  Epoch: [047][200/391]   Time 0.055 (0.056)   Data 0.000 (0.001)   Loss 0.0045 (0.0047)   Prec@1 100.000 (99.903)   Prec@5 100.000 (100.000)   [2019-01-14 19:37:59]
  **Train** Prec@1 99.904 Prec@5 100.000 Error@1 0.096
  **Test** Prec@1 92.620 Prec@5 99.740 Error@1 7.380
~~~~~best accuracy: 92.6200
 [vgg] ::  48/100 ----- [[2019-01-14 19:38:12]] [Need: 00:21:08]
  Epoch: [048][000/391]   Time 0.306 (0.306)   Data 0.263 (0.263)   Loss 0.0029 (0.0029)   Prec@1 100.000 (100.000)   Prec@5 100.000 (100.000)   [2019-01-14 19:38:13]
  Epoch: [048][200/391]   Time 0.042 (0.044)   Data 0.000 (0.001)   Loss 0.0007 (0.0048)   Prec@1 100.000 (99.891)   Prec@5 100.000 (99.996)   [2019-01-14 19:38:21]
  **Train** Prec@1 99.892 Prec@5 99.998 Error@1 0.108
  **Test** Prec@1 92.320 Prec@5 99.760 Error@1 7.680
~~~~~best accuracy: 92.6200
 [vgg] ::  49/100 ----- [[2019-01-14 19:38:31]] [Need: 00:15:59]
  Epoch: [049][000/391]   Time 0.307 (0.307)   Data 0.256 (0.256)   Loss 0.0038 (0.0038)   Prec@1 100.000 (100.000)   Prec@5 100.000 (100.000)   [2019-01-14 19:38:31]
  Epoch: [049][200/391]   Time 0.045 (0.046)   Data 0.000 (0.001)   Loss 0.0041 (0.0038)   Prec@1 100.000 (99.934)   Prec@5 100.000 (99.996)   [2019-01-14 19:38:40]
  **Train** Prec@1 99.910 Prec@5 99.996 Error@1 0.090
  **Test** Prec@1 92.660 Prec@5 99.720 Error@1 7.340
~~~~~best accuracy: 92.6600
 [vgg] ::  50/100 ----- [[2019-01-14 19:38:51]] [Need: 00:16:58]
  Epoch: [050][000/391]   Time 0.312 (0.312)   Data 0.257 (0.257)   Loss 0.0037 (0.0037)   Prec@1 100.000 (100.000)   Prec@5 100.000 (100.000)   [2019-01-14 19:38:52]
  Epoch: [050][200/391]   Time 0.049 (0.050)   Data 0.000 (0.001)   Loss 0.0019 (0.0034)   Prec@1 100.000 (99.930)   Prec@5 100.000 (100.000)   [2019-01-14 19:39:02]
  **Train** Prec@1 99.922 Prec@5 99.998 Error@1 0.078
  **Test** Prec@1 92.670 Prec@5 99.730 Error@1 7.330
~~~~~best accuracy: 92.6700
 [vgg] ::  51/100 ----- [[2019-01-14 19:39:13]] [Need: 00:18:01]
  Epoch: [051][000/391]   Time 0.323 (0.323)   Data 0.267 (0.267)   Loss 0.0039 (0.0039)   Prec@1 100.000 (100.000)   Prec@5 100.000 (100.000)   [2019-01-14 19:39:14]
  Epoch: [051][200/391]   Time 0.055 (0.056)   Data 0.000 (0.001)   Loss 0.0229 (0.0028)   Prec@1 99.219 (99.938)   Prec@5 100.000 (99.996)   [2019-01-14 19:39:25]
  **Train** Prec@1 99.946 Prec@5 99.998 Error@1 0.054
  **Test** Prec@1 92.750 Prec@5 99.720 Error@1 7.250
~~~~~best accuracy: 92.7500
 [vgg] ::  52/100 ----- [[2019-01-14 19:39:38]] [Need: 00:19:37]
  Epoch: [052][000/391]   Time 0.309 (0.309)   Data 0.259 (0.259)   Loss 0.0008 (0.0008)   Prec@1 100.000 (100.000)   Prec@5 100.000 (100.000)   [2019-01-14 19:39:38]
  Epoch: [052][200/391]   Time 0.042 (0.044)   Data 0.000 (0.001)   Loss 0.0048 (0.0021)   Prec@1 100.000 (99.965)   Prec@5 100.000 (100.000)   [2019-01-14 19:39:47]
  **Train** Prec@1 99.946 Prec@5 99.998 Error@1 0.054
  **Test** Prec@1 92.390 Prec@5 99.690 Error@1 7.610
~~~~~best accuracy: 92.7500
 [vgg] ::  53/100 ----- [[2019-01-14 19:39:57]] [Need: 00:14:42]
  Epoch: [053][000/391]   Time 0.309 (0.309)   Data 0.261 (0.261)   Loss 0.0023 (0.0023)   Prec@1 100.000 (100.000)   Prec@5 100.000 (100.000)   [2019-01-14 19:39:57]
  Epoch: [053][200/391]   Time 0.044 (0.046)   Data 0.000 (0.001)   Loss 0.0037 (0.0027)   Prec@1 100.000 (99.949)   Prec@5 100.000 (99.996)   [2019-01-14 19:40:06]
  **Train** Prec@1 99.952 Prec@5 99.998 Error@1 0.048
  **Test** Prec@1 92.670 Prec@5 99.710 Error@1 7.330
~~~~~best accuracy: 92.7500
 [vgg] ::  54/100 ----- [[2019-01-14 19:40:17]] [Need: 00:15:06]
  Epoch: [054][000/391]   Time 0.310 (0.310)   Data 0.254 (0.254)   Loss 0.0031 (0.0031)   Prec@1 100.000 (100.000)   Prec@5 100.000 (100.000)   [2019-01-14 19:40:17]
  Epoch: [054][200/391]   Time 0.049 (0.050)   Data 0.000 (0.001)   Loss 0.0018 (0.0019)   Prec@1 100.000 (99.965)   Prec@5 100.000 (100.000)   [2019-01-14 19:40:27]
  **Train** Prec@1 99.966 Prec@5 100.000 Error@1 0.034
  **Test** Prec@1 92.680 Prec@5 99.700 Error@1 7.320
~~~~~best accuracy: 92.7500
 [vgg] ::  55/100 ----- [[2019-01-14 19:40:38]] [Need: 00:16:03]
  Epoch: [055][000/391]   Time 0.314 (0.314)   Data 0.255 (0.255)   Loss 0.0004 (0.0004)   Prec@1 100.000 (100.000)   Prec@5 100.000 (100.000)   [2019-01-14 19:40:38]
  Epoch: [055][200/391]   Time 0.055 (0.056)   Data 0.000 (0.001)   Loss 0.0035 (0.0017)   Prec@1 100.000 (99.977)   Prec@5 100.000 (100.000)   [2019-01-14 19:40:49]
  **Train** Prec@1 99.978 Prec@5 100.000 Error@1 0.022
  **Test** Prec@1 92.660 Prec@5 99.710 Error@1 7.340
~~~~~best accuracy: 92.7500
 [vgg] ::  56/100 ----- [[2019-01-14 19:41:02]] [Need: 00:17:28]
  Epoch: [056][000/391]   Time 0.310 (0.310)   Data 0.265 (0.265)   Loss 0.0004 (0.0004)   Prec@1 100.000 (100.000)   Prec@5 100.000 (100.000)   [2019-01-14 19:41:02]
  Epoch: [056][200/391]   Time 0.042 (0.044)   Data 0.000 (0.001)   Loss 0.0002 (0.0012)   Prec@1 100.000 (99.996)   Prec@5 100.000 (100.000)   [2019-01-14 19:41:11]
  **Train** Prec@1 99.992 Prec@5 100.000 Error@1 0.008
  **Test** Prec@1 92.270 Prec@5 99.710 Error@1 7.730
~~~~~best accuracy: 92.7500
 [vgg] ::  57/100 ----- [[2019-01-14 19:41:21]] [Need: 00:13:32]
  Epoch: [057][000/391]   Time 0.317 (0.317)   Data 0.270 (0.270)   Loss 0.0022 (0.0022)   Prec@1 100.000 (100.000)   Prec@5 100.000 (100.000)   [2019-01-14 19:41:21]
  Epoch: [057][200/391]   Time 0.044 (0.046)   Data 0.000 (0.001)   Loss 0.0004 (0.0012)   Prec@1 100.000 (99.992)   Prec@5 100.000 (100.000)   [2019-01-14 19:41:30]
  **Train** Prec@1 99.978 Prec@5 100.000 Error@1 0.022
  **Test** Prec@1 92.380 Prec@5 99.730 Error@1 7.620
~~~~~best accuracy: 92.7500
 [vgg] ::  58/100 ----- [[2019-01-14 19:41:40]] [Need: 00:13:50]
  Epoch: [058][000/391]   Time 0.310 (0.310)   Data 0.255 (0.255)   Loss 0.0012 (0.0012)   Prec@1 100.000 (100.000)   Prec@5 100.000 (100.000)   [2019-01-14 19:41:41]
  Epoch: [058][200/391]   Time 0.049 (0.050)   Data 0.000 (0.001)   Loss 0.0015 (0.0016)   Prec@1 100.000 (99.973)   Prec@5 100.000 (100.000)   [2019-01-14 19:41:51]
  **Train** Prec@1 99.976 Prec@5 100.000 Error@1 0.024
  **Test** Prec@1 92.590 Prec@5 99.730 Error@1 7.410
~~~~~best accuracy: 92.7500
 [vgg] ::  59/100 ----- [[2019-01-14 19:42:02]] [Need: 00:14:36]
  Epoch: [059][000/391]   Time 0.311 (0.311)   Data 0.252 (0.252)   Loss 0.0006 (0.0006)   Prec@1 100.000 (100.000)   Prec@5 100.000 (100.000)   [2019-01-14 19:42:02]
  Epoch: [059][200/391]   Time 0.055 (0.056)   Data 0.000 (0.001)   Loss 0.0005 (0.0014)   Prec@1 100.000 (99.977)   Prec@5 100.000 (100.000)   [2019-01-14 19:42:13]
  **Train** Prec@1 99.982 Prec@5 100.000 Error@1 0.018
  **Test** Prec@1 92.670 Prec@5 99.740 Error@1 7.330
~~~~~best accuracy: 92.7500
 [vgg] ::  60/100 ----- [[2019-01-14 19:42:26]] [Need: 00:15:51]
  Epoch: [060][000/391]   Time 0.303 (0.303)   Data 0.257 (0.257)   Loss 0.0023 (0.0023)   Prec@1 100.000 (100.000)   Prec@5 100.000 (100.000)   [2019-01-14 19:42:26]
  Epoch: [060][200/391]   Time 0.042 (0.044)   Data 0.000 (0.001)   Loss 0.0003 (0.0012)   Prec@1 100.000 (99.981)   Prec@5 100.000 (100.000)   [2019-01-14 19:42:34]
  **Train** Prec@1 99.986 Prec@5 100.000 Error@1 0.014
  **Test** Prec@1 92.500 Prec@5 99.690 Error@1 7.500
~~~~~best accuracy: 92.7500
 [vgg] ::  61/100 ----- [[2019-01-14 19:42:44]] [Need: 00:12:15]
  Epoch: [061][000/391]   Time 0.312 (0.312)   Data 0.263 (0.263)   Loss 0.0004 (0.0004)   Prec@1 100.000 (100.000)   Prec@5 100.000 (100.000)   [2019-01-14 19:42:45]
  Epoch: [061][200/391]   Time 0.045 (0.046)   Data 0.000 (0.001)   Loss 0.0011 (0.0010)   Prec@1 100.000 (99.988)   Prec@5 100.000 (100.000)   [2019-01-14 19:42:54]
  **Train** Prec@1 99.990 Prec@5 100.000 Error@1 0.010
  **Test** Prec@1 92.580 Prec@5 99.700 Error@1 7.420
~~~~~best accuracy: 92.7500
 [vgg] ::  62/100 ----- [[2019-01-14 19:43:04]] [Need: 00:12:29]
  Epoch: [062][000/391]   Time 0.313 (0.313)   Data 0.258 (0.258)   Loss 0.0005 (0.0005)   Prec@1 100.000 (100.000)   Prec@5 100.000 (100.000)   [2019-01-14 19:43:04]
  Epoch: [062][200/391]   Time 0.049 (0.050)   Data 0.000 (0.001)   Loss 0.0011 (0.0010)   Prec@1 100.000 (99.988)   Prec@5 100.000 (100.000)   [2019-01-14 19:43:14]
  **Train** Prec@1 99.982 Prec@5 100.000 Error@1 0.018
  **Test** Prec@1 92.820 Prec@5 99.760 Error@1 7.180
~~~~~best accuracy: 92.8200
 [vgg] ::  63/100 ----- [[2019-01-14 19:43:26]] [Need: 00:13:37]
  Epoch: [063][000/391]   Time 0.315 (0.315)   Data 0.255 (0.255)   Loss 0.0004 (0.0004)   Prec@1 100.000 (100.000)   Prec@5 100.000 (100.000)   [2019-01-14 19:43:27]
  Epoch: [063][200/391]   Time 0.055 (0.056)   Data 0.000 (0.001)   Loss 0.0009 (0.0008)   Prec@1 100.000 (99.992)   Prec@5 100.000 (100.000)   [2019-01-14 19:43:38]
  **Train** Prec@1 99.990 Prec@5 100.000 Error@1 0.010
  **Test** Prec@1 92.800 Prec@5 99.730 Error@1 7.200
~~~~~best accuracy: 92.8200
 [vgg] ::  64/100 ----- [[2019-01-14 19:43:50]] [Need: 00:14:14]
  Epoch: [064][000/391]   Time 0.309 (0.309)   Data 0.258 (0.258)   Loss 0.0003 (0.0003)   Prec@1 100.000 (100.000)   Prec@5 100.000 (100.000)   [2019-01-14 19:43:50]
  Epoch: [064][200/391]   Time 0.042 (0.044)   Data 0.000 (0.001)   Loss 0.0008 (0.0011)   Prec@1 100.000 (99.981)   Prec@5 100.000 (100.000)   [2019-01-14 19:43:59]
  **Train** Prec@1 99.984 Prec@5 100.000 Error@1 0.016
  **Test** Prec@1 92.610 Prec@5 99.720 Error@1 7.390
~~~~~best accuracy: 92.8200
 [vgg] ::  65/100 ----- [[2019-01-14 19:44:09]] [Need: 00:10:57]
  Epoch: [065][000/391]   Time 0.310 (0.310)   Data 0.261 (0.261)   Loss 0.0062 (0.0062)   Prec@1 99.219 (99.219)   Prec@5 100.000 (100.000)   [2019-01-14 19:44:09]
  Epoch: [065][200/391]   Time 0.044 (0.046)   Data 0.000 (0.001)   Loss 0.0006 (0.0010)   Prec@1 100.000 (99.984)   Prec@5 100.000 (100.000)   [2019-01-14 19:44:18]
  **Train** Prec@1 99.970 Prec@5 100.000 Error@1 0.030
  **Test** Prec@1 92.670 Prec@5 99.740 Error@1 7.330
~~~~~best accuracy: 92.8200
 [vgg] ::  66/100 ----- [[2019-01-14 19:44:29]] [Need: 00:11:11]
  Epoch: [066][000/391]   Time 0.314 (0.314)   Data 0.258 (0.258)   Loss 0.0032 (0.0032)   Prec@1 100.000 (100.000)   Prec@5 100.000 (100.000)   [2019-01-14 19:44:29]
  Epoch: [066][200/391]   Time 0.049 (0.050)   Data 0.000 (0.001)   Loss 0.0005 (0.0011)   Prec@1 100.000 (99.988)   Prec@5 100.000 (100.000)   [2019-01-14 19:44:39]
  **Train** Prec@1 99.988 Prec@5 100.000 Error@1 0.012
  **Test** Prec@1 92.690 Prec@5 99.660 Error@1 7.310
~~~~~best accuracy: 92.8200
 [vgg] ::  67/100 ----- [[2019-01-14 19:44:50]] [Need: 00:11:47]
  Epoch: [067][000/391]   Time 0.335 (0.335)   Data 0.280 (0.280)   Loss 0.0006 (0.0006)   Prec@1 100.000 (100.000)   Prec@5 100.000 (100.000)   [2019-01-14 19:44:50]
  Epoch: [067][200/391]   Time 0.055 (0.056)   Data 0.000 (0.001)   Loss 0.0004 (0.0010)   Prec@1 100.000 (99.984)   Prec@5 100.000 (100.000)   [2019-01-14 19:45:01]
  **Train** Prec@1 99.984 Prec@5 100.000 Error@1 0.016
  **Test** Prec@1 92.740 Prec@5 99.690 Error@1 7.260
~~~~~best accuracy: 92.8200
 [vgg] ::  68/100 ----- [[2019-01-14 19:45:14]] [Need: 00:12:43]
  Epoch: [068][000/391]   Time 0.299 (0.299)   Data 0.251 (0.251)   Loss 0.0002 (0.0002)   Prec@1 100.000 (100.000)   Prec@5 100.000 (100.000)   [2019-01-14 19:45:14]
  Epoch: [068][200/391]   Time 0.042 (0.044)   Data 0.000 (0.001)   Loss 0.0002 (0.0008)   Prec@1 100.000 (99.992)   Prec@5 100.000 (100.000)   [2019-01-14 19:45:23]
  **Train** Prec@1 99.986 Prec@5 100.000 Error@1 0.014
  **Test** Prec@1 92.660 Prec@5 99.690 Error@1 7.340
~~~~~best accuracy: 92.8200
 [vgg] ::  69/100 ----- [[2019-01-14 19:45:33]] [Need: 00:09:43]
  Epoch: [069][000/391]   Time 0.316 (0.316)   Data 0.267 (0.267)   Loss 0.0003 (0.0003)   Prec@1 100.000 (100.000)   Prec@5 100.000 (100.000)   [2019-01-14 19:45:33]
  Epoch: [069][200/391]   Time 0.045 (0.046)   Data 0.000 (0.001)   Loss 0.0012 (0.0009)   Prec@1 100.000 (99.988)   Prec@5 100.000 (100.000)   [2019-01-14 19:45:42]
  **Train** Prec@1 99.986 Prec@5 100.000 Error@1 0.014
  **Test** Prec@1 92.460 Prec@5 99.670 Error@1 7.540
~~~~~best accuracy: 92.8200
 [vgg] ::  70/100 ----- [[2019-01-14 19:45:52]] [Need: 00:09:54]
  Epoch: [070][000/391]   Time 0.315 (0.315)   Data 0.259 (0.259)   Loss 0.0003 (0.0003)   Prec@1 100.000 (100.000)   Prec@5 100.000 (100.000)   [2019-01-14 19:45:53]
  Epoch: [070][200/391]   Time 0.049 (0.050)   Data 0.000 (0.001)   Loss 0.0006 (0.0011)   Prec@1 100.000 (99.984)   Prec@5 100.000 (100.000)   [2019-01-14 19:46:03]
  **Train** Prec@1 99.986 Prec@5 100.000 Error@1 0.014
  **Test** Prec@1 92.870 Prec@5 99.720 Error@1 7.130
~~~~~best accuracy: 92.8700
 [vgg] ::  71/100 ----- [[2019-01-14 19:46:15]] [Need: 00:10:43]
  Epoch: [071][000/391]   Time 0.323 (0.323)   Data 0.263 (0.263)   Loss 0.0004 (0.0004)   Prec@1 100.000 (100.000)   Prec@5 100.000 (100.000)   [2019-01-14 19:46:15]
  Epoch: [071][200/391]   Time 0.055 (0.056)   Data 0.000 (0.001)   Loss 0.0004 (0.0008)   Prec@1 100.000 (99.992)   Prec@5 100.000 (100.000)   [2019-01-14 19:46:26]
  **Train** Prec@1 99.978 Prec@5 100.000 Error@1 0.022
  **Test** Prec@1 92.530 Prec@5 99.710 Error@1 7.470
~~~~~best accuracy: 92.8700
 [vgg] ::  72/100 ----- [[2019-01-14 19:46:38]] [Need: 00:11:05]
  Epoch: [072][000/391]   Time 0.315 (0.315)   Data 0.269 (0.269)   Loss 0.0002 (0.0002)   Prec@1 100.000 (100.000)   Prec@5 100.000 (100.000)   [2019-01-14 19:46:39]
  Epoch: [072][200/391]   Time 0.042 (0.044)   Data 0.000 (0.001)   Loss 0.0007 (0.0009)   Prec@1 100.000 (99.981)   Prec@5 100.000 (100.000)   [2019-01-14 19:46:47]
  **Train** Prec@1 99.984 Prec@5 100.000 Error@1 0.016
  **Test** Prec@1 92.270 Prec@5 99.670 Error@1 7.730
~~~~~best accuracy: 92.8700
 [vgg] ::  73/100 ----- [[2019-01-14 19:46:57]] [Need: 00:08:28]
  Epoch: [073][000/391]   Time 0.329 (0.329)   Data 0.280 (0.280)   Loss 0.0005 (0.0005)   Prec@1 100.000 (100.000)   Prec@5 100.000 (100.000)   [2019-01-14 19:46:58]
  Epoch: [073][200/391]   Time 0.045 (0.046)   Data 0.000 (0.001)   Loss 0.0003 (0.0008)   Prec@1 100.000 (99.992)   Prec@5 100.000 (100.000)   [2019-01-14 19:47:07]
  **Train** Prec@1 99.994 Prec@5 100.000 Error@1 0.006
  **Test** Prec@1 92.580 Prec@5 99.700 Error@1 7.420
~~~~~best accuracy: 92.8700
 [vgg] ::  74/100 ----- [[2019-01-14 19:47:17]] [Need: 00:08:32]
  Epoch: [074][000/391]   Time 0.320 (0.320)   Data 0.269 (0.269)   Loss 0.0027 (0.0027)   Prec@1 100.000 (100.000)   Prec@5 100.000 (100.000)   [2019-01-14 19:47:17]
  Epoch: [074][200/391]   Time 0.049 (0.050)   Data 0.000 (0.001)   Loss 0.0003 (0.0010)   Prec@1 100.000 (99.981)   Prec@5 100.000 (100.000)   [2019-01-14 19:47:27]
  **Train** Prec@1 99.986 Prec@5 100.000 Error@1 0.014
  **Test** Prec@1 92.810 Prec@5 99.690 Error@1 7.190
~~~~~best accuracy: 92.8700
 [vgg] ::  75/100 ----- [[2019-01-14 19:47:38]] [Need: 00:08:54]
  Epoch: [075][000/391]   Time 0.313 (0.313)   Data 0.250 (0.250)   Loss 0.0003 (0.0003)   Prec@1 100.000 (100.000)   Prec@5 100.000 (100.000)   [2019-01-14 19:47:39]
  Epoch: [075][200/391]   Time 0.055 (0.056)   Data 0.000 (0.001)   Loss 0.0004 (0.0008)   Prec@1 100.000 (99.984)   Prec@5 100.000 (100.000)   [2019-01-14 19:47:50]
  **Train** Prec@1 99.984 Prec@5 100.000 Error@1 0.016
  **Test** Prec@1 92.630 Prec@5 99.710 Error@1 7.370
~~~~~best accuracy: 92.8700
 [vgg] ::  76/100 ----- [[2019-01-14 19:48:02]] [Need: 00:09:29]
  Epoch: [076][000/391]   Time 0.324 (0.324)   Data 0.278 (0.278)   Loss 0.0021 (0.0021)   Prec@1 100.000 (100.000)   Prec@5 100.000 (100.000)   [2019-01-14 19:48:02]
  Epoch: [076][200/391]   Time 0.042 (0.044)   Data 0.000 (0.001)   Loss 0.0003 (0.0009)   Prec@1 100.000 (99.981)   Prec@5 100.000 (100.000)   [2019-01-14 19:48:11]
  **Train** Prec@1 99.980 Prec@5 100.000 Error@1 0.020
  **Test** Prec@1 92.480 Prec@5 99.670 Error@1 7.520
~~~~~best accuracy: 92.8700
 [vgg] ::  77/100 ----- [[2019-01-14 19:48:21]] [Need: 00:07:11]
  Epoch: [077][000/391]   Time 0.308 (0.308)   Data 0.260 (0.260)   Loss 0.0002 (0.0002)   Prec@1 100.000 (100.000)   Prec@5 100.000 (100.000)   [2019-01-14 19:48:21]
  Epoch: [077][200/391]   Time 0.044 (0.046)   Data 0.000 (0.001)   Loss 0.0004 (0.0009)   Prec@1 100.000 (99.984)   Prec@5 100.000 (100.000)   [2019-01-14 19:48:30]
  **Train** Prec@1 99.984 Prec@5 100.000 Error@1 0.016
  **Test** Prec@1 92.610 Prec@5 99.740 Error@1 7.390
~~~~~best accuracy: 92.8700
 [vgg] ::  78/100 ----- [[2019-01-14 19:48:41]] [Need: 00:07:13]
  Epoch: [078][000/391]   Time 0.325 (0.325)   Data 0.275 (0.275)   Loss 0.0004 (0.0004)   Prec@1 100.000 (100.000)   Prec@5 100.000 (100.000)   [2019-01-14 19:48:41]
  Epoch: [078][200/391]   Time 0.050 (0.050)   Data 0.000 (0.002)   Loss 0.0003 (0.0006)   Prec@1 100.000 (99.996)   Prec@5 100.000 (100.000)   [2019-01-14 19:48:51]
  **Train** Prec@1 99.996 Prec@5 100.000 Error@1 0.004
  **Test** Prec@1 92.860 Prec@5 99.730 Error@1 7.140
~~~~~best accuracy: 92.8700
 [vgg] ::  79/100 ----- [[2019-01-14 19:49:02]] [Need: 00:07:30]
  Epoch: [079][000/391]   Time 0.309 (0.309)   Data 0.249 (0.249)   Loss 0.0004 (0.0004)   Prec@1 100.000 (100.000)   Prec@5 100.000 (100.000)   [2019-01-14 19:49:02]
  Epoch: [079][200/391]   Time 0.055 (0.056)   Data 0.000 (0.001)   Loss 0.0009 (0.0015)   Prec@1 100.000 (99.961)   Prec@5 100.000 (100.000)   [2019-01-14 19:49:13]
  **Train** Prec@1 99.954 Prec@5 100.000 Error@1 0.046
  **Test** Prec@1 92.360 Prec@5 99.700 Error@1 7.640
~~~~~best accuracy: 92.8700
 [vgg] ::  80/100 ----- [[2019-01-14 19:49:26]] [Need: 00:07:55]
  Epoch: [080][000/391]   Time 0.315 (0.315)   Data 0.264 (0.264)   Loss 0.0003 (0.0003)   Prec@1 100.000 (100.000)   Prec@5 100.000 (100.000)   [2019-01-14 19:49:26]
  Epoch: [080][200/391]   Time 0.042 (0.044)   Data 0.000 (0.001)   Loss 0.0007 (0.0014)   Prec@1 100.000 (99.969)   Prec@5 100.000 (100.000)   [2019-01-14 19:49:35]
  **Train** Prec@1 99.958 Prec@5 100.000 Error@1 0.042
  **Test** Prec@1 92.600 Prec@5 99.690 Error@1 7.400
~~~~~best accuracy: 92.8700
 [vgg] ::  81/100 ----- [[2019-01-14 19:49:45]] [Need: 00:05:59]
  Epoch: [081][000/391]   Time 0.302 (0.302)   Data 0.253 (0.253)   Loss 0.0010 (0.0010)   Prec@1 100.000 (100.000)   Prec@5 100.000 (100.000)   [2019-01-14 19:49:45]
  Epoch: [081][200/391]   Time 0.045 (0.046)   Data 0.000 (0.001)   Loss 0.0003 (0.0008)   Prec@1 100.000 (99.984)   Prec@5 100.000 (100.000)   [2019-01-14 19:49:54]
  **Train** Prec@1 99.988 Prec@5 100.000 Error@1 0.012
  **Test** Prec@1 92.770 Prec@5 99.710 Error@1 7.230
~~~~~best accuracy: 92.8700
 [vgg] ::  82/100 ----- [[2019-01-14 19:50:05]] [Need: 00:05:56]
  Epoch: [082][000/391]   Time 0.318 (0.318)   Data 0.258 (0.258)   Loss 0.0011 (0.0011)   Prec@1 100.000 (100.000)   Prec@5 100.000 (100.000)   [2019-01-14 19:50:05]
  Epoch: [082][200/391]   Time 0.049 (0.050)   Data 0.000 (0.001)   Loss 0.0003 (0.0011)   Prec@1 100.000 (99.977)   Prec@5 100.000 (100.000)   [2019-01-14 19:50:15]
  **Train** Prec@1 99.984 Prec@5 100.000 Error@1 0.016
  **Test** Prec@1 92.770 Prec@5 99.720 Error@1 7.230
~~~~~best accuracy: 92.8700
 [vgg] ::  83/100 ----- [[2019-01-14 19:50:26]] [Need: 00:06:05]
  Epoch: [083][000/391]   Time 0.318 (0.318)   Data 0.258 (0.258)   Loss 0.0010 (0.0010)   Prec@1 100.000 (100.000)   Prec@5 100.000 (100.000)   [2019-01-14 19:50:26]
  Epoch: [083][200/391]   Time 0.055 (0.056)   Data 0.000 (0.001)   Loss 0.0005 (0.0005)   Prec@1 100.000 (99.996)   Prec@5 100.000 (100.000)   [2019-01-14 19:50:37]
  **Train** Prec@1 99.996 Prec@5 100.000 Error@1 0.004
  **Test** Prec@1 92.730 Prec@5 99.710 Error@1 7.270
~~~~~best accuracy: 92.8700
 [vgg] ::  84/100 ----- [[2019-01-14 19:50:50]] [Need: 00:06:20]
  Epoch: [084][000/391]   Time 0.320 (0.320)   Data 0.274 (0.274)   Loss 0.0019 (0.0019)   Prec@1 100.000 (100.000)   Prec@5 100.000 (100.000)   [2019-01-14 19:50:50]
  Epoch: [084][200/391]   Time 0.042 (0.043)   Data 0.000 (0.001)   Loss 0.0003 (0.0007)   Prec@1 100.000 (99.992)   Prec@5 100.000 (100.000)   [2019-01-14 19:50:59]
  **Train** Prec@1 99.996 Prec@5 100.000 Error@1 0.004
  **Test** Prec@1 92.630 Prec@5 99.710 Error@1 7.370
~~~~~best accuracy: 92.8700
 [vgg] ::  85/100 ----- [[2019-01-14 19:51:09]] [Need: 00:04:41]
  Epoch: [085][000/391]   Time 0.304 (0.304)   Data 0.254 (0.254)   Loss 0.0003 (0.0003)   Prec@1 100.000 (100.000)   Prec@5 100.000 (100.000)   [2019-01-14 19:51:09]
  Epoch: [085][200/391]   Time 0.045 (0.046)   Data 0.000 (0.001)   Loss 0.0006 (0.0007)   Prec@1 100.000 (99.988)   Prec@5 100.000 (100.000)   [2019-01-14 19:51:18]
  **Train** Prec@1 99.992 Prec@5 100.000 Error@1 0.008
  **Test** Prec@1 92.770 Prec@5 99.700 Error@1 7.230
~~~~~best accuracy: 92.8700
 [vgg] ::  86/100 ----- [[2019-01-14 19:51:28]] [Need: 00:04:36]
  Epoch: [086][000/391]   Time 0.311 (0.311)   Data 0.259 (0.259)   Loss 0.0003 (0.0003)   Prec@1 100.000 (100.000)   Prec@5 100.000 (100.000)   [2019-01-14 19:51:29]
  Epoch: [086][200/391]   Time 0.049 (0.050)   Data 0.000 (0.001)   Loss 0.0003 (0.0007)   Prec@1 100.000 (99.996)   Prec@5 100.000 (100.000)   [2019-01-14 19:51:38]
  **Train** Prec@1 99.994 Prec@5 100.000 Error@1 0.006
  **Test** Prec@1 92.750 Prec@5 99.710 Error@1 7.250
~~~~~best accuracy: 92.8700
 [vgg] ::  87/100 ----- [[2019-01-14 19:51:50]] [Need: 00:04:37]
  Epoch: [087][000/391]   Time 0.335 (0.335)   Data 0.276 (0.276)   Loss 0.0003 (0.0003)   Prec@1 100.000 (100.000)   Prec@5 100.000 (100.000)   [2019-01-14 19:51:50]
  Epoch: [087][200/391]   Time 0.055 (0.056)   Data 0.000 (0.001)   Loss 0.0003 (0.0007)   Prec@1 100.000 (99.992)   Prec@5 100.000 (100.000)   [2019-01-14 19:52:01]
  **Train** Prec@1 99.992 Prec@5 100.000 Error@1 0.008
  **Test** Prec@1 92.720 Prec@5 99.710 Error@1 7.280
~~~~~best accuracy: 92.8700
 [vgg] ::  88/100 ----- [[2019-01-14 19:52:13]] [Need: 00:04:45]
  Epoch: [088][000/391]   Time 0.306 (0.306)   Data 0.261 (0.261)   Loss 0.0006 (0.0006)   Prec@1 100.000 (100.000)   Prec@5 100.000 (100.000)   [2019-01-14 19:52:14]
  Epoch: [088][200/391]   Time 0.042 (0.043)   Data 0.000 (0.001)   Loss 0.0004 (0.0005)   Prec@1 100.000 (99.996)   Prec@5 100.000 (100.000)   [2019-01-14 19:52:22]
  **Train** Prec@1 99.996 Prec@5 100.000 Error@1 0.004
  **Test** Prec@1 92.710 Prec@5 99.720 Error@1 7.290
~~~~~best accuracy: 92.8700
 [vgg] ::  89/100 ----- [[2019-01-14 19:52:32]] [Need: 00:03:25]
  Epoch: [089][000/391]   Time 0.326 (0.326)   Data 0.280 (0.280)   Loss 0.0004 (0.0004)   Prec@1 100.000 (100.000)   Prec@5 100.000 (100.000)   [2019-01-14 19:52:32]
  Epoch: [089][200/391]   Time 0.045 (0.046)   Data 0.000 (0.002)   Loss 0.0007 (0.0006)   Prec@1 100.000 (99.992)   Prec@5 100.000 (100.000)   [2019-01-14 19:52:41]
  **Train** Prec@1 99.992 Prec@5 100.000 Error@1 0.008
  **Test** Prec@1 92.770 Prec@5 99.690 Error@1 7.230
~~~~~best accuracy: 92.8700
 [vgg] ::  90/100 ----- [[2019-01-14 19:52:52]] [Need: 00:03:17]
  Epoch: [090][000/391]   Time 0.314 (0.314)   Data 0.260 (0.260)   Loss 0.0005 (0.0005)   Prec@1 100.000 (100.000)   Prec@5 100.000 (100.000)   [2019-01-14 19:52:52]
  Epoch: [090][200/391]   Time 0.049 (0.050)   Data 0.000 (0.001)   Loss 0.0004 (0.0005)   Prec@1 100.000 (100.000)   Prec@5 100.000 (100.000)   [2019-01-14 19:53:02]
  **Train** Prec@1 100.000 Prec@5 100.000 Error@1 0.000
  **Test** Prec@1 92.840 Prec@5 99.730 Error@1 7.160
~~~~~best accuracy: 92.8700
 [vgg] ::  91/100 ----- [[2019-01-14 19:53:13]] [Need: 00:03:12]
  Epoch: [091][000/391]   Time 0.327 (0.327)   Data 0.268 (0.268)   Loss 0.0015 (0.0015)   Prec@1 100.000 (100.000)   Prec@5 100.000 (100.000)   [2019-01-14 19:53:14]
  Epoch: [091][200/391]   Time 0.055 (0.056)   Data 0.000 (0.001)   Loss 0.0010 (0.0005)   Prec@1 100.000 (100.000)   Prec@5 100.000 (100.000)   [2019-01-14 19:53:25]
  **Train** Prec@1 99.998 Prec@5 100.000 Error@1 0.002
  **Test** Prec@1 92.850 Prec@5 99.700 Error@1 7.150
~~~~~best accuracy: 92.8700
 [vgg] ::  92/100 ----- [[2019-01-14 19:53:37]] [Need: 00:03:09]
  Epoch: [092][000/391]   Time 0.306 (0.306)   Data 0.260 (0.260)   Loss 0.0003 (0.0003)   Prec@1 100.000 (100.000)   Prec@5 100.000 (100.000)   [2019-01-14 19:53:37]
  Epoch: [092][200/391]   Time 0.042 (0.044)   Data 0.000 (0.001)   Loss 0.0004 (0.0006)   Prec@1 100.000 (99.992)   Prec@5 100.000 (100.000)   [2019-01-14 19:53:46]
  **Train** Prec@1 99.994 Prec@5 100.000 Error@1 0.006
  **Test** Prec@1 92.640 Prec@5 99.700 Error@1 7.360
~~~~~best accuracy: 92.8700
 [vgg] ::  93/100 ----- [[2019-01-14 19:53:56]] [Need: 00:02:12]
  Epoch: [093][000/391]   Time 0.319 (0.319)   Data 0.272 (0.272)   Loss 0.0004 (0.0004)   Prec@1 100.000 (100.000)   Prec@5 100.000 (100.000)   [2019-01-14 19:53:56]
  Epoch: [093][200/391]   Time 0.045 (0.046)   Data 0.000 (0.001)   Loss 0.0002 (0.0007)   Prec@1 100.000 (99.988)   Prec@5 100.000 (100.000)   [2019-01-14 19:54:05]
  **Train** Prec@1 99.994 Prec@5 100.000 Error@1 0.006
  **Test** Prec@1 92.750 Prec@5 99.690 Error@1 7.250
~~~~~best accuracy: 92.8700
 [vgg] ::  94/100 ----- [[2019-01-14 19:54:16]] [Need: 00:01:59]
  Epoch: [094][000/391]   Time 0.307 (0.307)   Data 0.253 (0.253)   Loss 0.0005 (0.0005)   Prec@1 100.000 (100.000)   Prec@5 100.000 (100.000)   [2019-01-14 19:54:16]
  Epoch: [094][200/391]   Time 0.049 (0.050)   Data 0.000 (0.001)   Loss 0.0003 (0.0005)   Prec@1 100.000 (100.000)   Prec@5 100.000 (100.000)   [2019-01-14 19:54:26]
  **Train** Prec@1 99.998 Prec@5 100.000 Error@1 0.002
  **Test** Prec@1 92.890 Prec@5 99.690 Error@1 7.110
~~~~~best accuracy: 92.8900
 [vgg] ::  95/100 ----- [[2019-01-14 19:54:38]] [Need: 00:01:50]
  Epoch: [095][000/391]   Time 0.317 (0.317)   Data 0.256 (0.256)   Loss 0.0007 (0.0007)   Prec@1 100.000 (100.000)   Prec@5 100.000 (100.000)   [2019-01-14 19:54:38]
  Epoch: [095][200/391]   Time 0.055 (0.056)   Data 0.000 (0.001)   Loss 0.0003 (0.0005)   Prec@1 100.000 (99.996)   Prec@5 100.000 (100.000)   [2019-01-14 19:54:49]
  **Train** Prec@1 99.998 Prec@5 100.000 Error@1 0.002
  **Test** Prec@1 92.840 Prec@5 99.720 Error@1 7.160
~~~~~best accuracy: 92.8900
 [vgg] ::  96/100 ----- [[2019-01-14 19:55:02]] [Need: 00:01:35]
  Epoch: [096][000/391]   Time 0.300 (0.300)   Data 0.253 (0.253)   Loss 0.0003 (0.0003)   Prec@1 100.000 (100.000)   Prec@5 100.000 (100.000)   [2019-01-14 19:55:02]
  Epoch: [096][200/391]   Time 0.042 (0.044)   Data 0.000 (0.001)   Loss 0.0004 (0.0005)   Prec@1 100.000 (100.000)   Prec@5 100.000 (100.000)   [2019-01-14 19:55:10]
  **Train** Prec@1 100.000 Prec@5 100.000 Error@1 0.000
  **Test** Prec@1 92.670 Prec@5 99.700 Error@1 7.330
~~~~~best accuracy: 92.8900
 [vgg] ::  97/100 ----- [[2019-01-14 19:55:20]] [Need: 00:00:56]
  Epoch: [097][000/391]   Time 0.310 (0.310)   Data 0.261 (0.261)   Loss 0.0003 (0.0003)   Prec@1 100.000 (100.000)   Prec@5 100.000 (100.000)   [2019-01-14 19:55:21]
  Epoch: [097][200/391]   Time 0.045 (0.046)   Data 0.000 (0.001)   Loss 0.0003 (0.0007)   Prec@1 100.000 (99.992)   Prec@5 100.000 (100.000)   [2019-01-14 19:55:30]
  **Train** Prec@1 99.992 Prec@5 100.000 Error@1 0.008
  **Test** Prec@1 92.840 Prec@5 99.680 Error@1 7.160
~~~~~best accuracy: 92.8900
 [vgg] ::  98/100 ----- [[2019-01-14 19:55:40]] [Need: 00:00:39]
  Epoch: [098][000/391]   Time 0.313 (0.313)   Data 0.261 (0.261)   Loss 0.0004 (0.0004)   Prec@1 100.000 (100.000)   Prec@5 100.000 (100.000)   [2019-01-14 19:55:41]
  Epoch: [098][200/391]   Time 0.049 (0.050)   Data 0.000 (0.001)   Loss 0.0002 (0.0004)   Prec@1 100.000 (100.000)   Prec@5 100.000 (100.000)   [2019-01-14 19:55:50]
  **Train** Prec@1 99.998 Prec@5 100.000 Error@1 0.002
  **Test** Prec@1 92.800 Prec@5 99.690 Error@1 7.200
~~~~~best accuracy: 92.8900
 [vgg] ::  99/100 ----- [[2019-01-14 19:56:02]] [Need: 00:00:21]
  Epoch: [099][000/391]   Time 0.317 (0.317)   Data 0.256 (0.256)   Loss 0.0010 (0.0010)   Prec@1 100.000 (100.000)   Prec@5 100.000 (100.000)   [2019-01-14 19:56:02]
  Epoch: [099][200/391]   Time 0.055 (0.056)   Data 0.000 (0.001)   Loss 0.0003 (0.0006)   Prec@1 100.000 (99.996)   Prec@5 100.000 (100.000)   [2019-01-14 19:56:13]
  **Train** Prec@1 99.996 Prec@5 100.000 Error@1 0.004
  **Test** Prec@1 92.750 Prec@5 99.730 Error@1 7.250
~~~~~best accuracy: 92.8900
